<?xml version="1.0" encoding="UTF-8"?>
<testsuite xmlns:xsi="http://www.w3.org/2001/XMLSchema-instance" xsi:noNamespaceSchemaLocation="https://maven.apache.org/surefire/maven-surefire-plugin/xsd/surefire-test-report.xsd" name="MyMoneyTest" time="0.121" tests="44" errors="0" skipped="0" failures="0">
  <properties>
    <property name="java.specification.version" value="18"/>
    <property name="sun.jnu.encoding" value="UTF-8"/>
    <property name="java.class.path" value="/Users/veenahalleppanavar/Documents/Omkar/CS_342/HomeworkTwo/target/test-classes:/Users/veenahalleppanavar/Documents/Omkar/CS_342/HomeworkTwo/target/classes:/Users/veenahalleppanavar/.m2/repository/org/junit/jupiter/junit-jupiter/5.6.2/junit-jupiter-5.6.2.jar:/Users/veenahalleppanavar/.m2/repository/org/junit/jupiter/junit-jupiter-api/5.6.2/junit-jupiter-api-5.6.2.jar:/Users/veenahalleppanavar/.m2/repository/org/apiguardian/apiguardian-api/1.1.0/apiguardian-api-1.1.0.jar:/Users/veenahalleppanavar/.m2/repository/org/opentest4j/opentest4j/1.2.0/opentest4j-1.2.0.jar:/Users/veenahalleppanavar/.m2/repository/org/junit/platform/junit-platform-commons/1.6.2/junit-platform-commons-1.6.2.jar:/Users/veenahalleppanavar/.m2/repository/org/junit/jupiter/junit-jupiter-params/5.6.2/junit-jupiter-params-5.6.2.jar:/Users/veenahalleppanavar/.m2/repository/org/junit/jupiter/junit-jupiter-engine/5.6.2/junit-jupiter-engine-5.6.2.jar:/Users/veenahalleppanavar/.m2/repository/org/junit/platform/junit-platform-engine/1.6.2/junit-platform-engine-1.6.2.jar:"/>
    <property name="java.vm.vendor" value="Homebrew"/>
    <property name="sun.arch.data.model" value="64"/>
    <property name="java.vendor.url" value="https://github.com/Homebrew/homebrew-core/issues"/>
    <property name="os.name" value="Mac OS X"/>
    <property name="java.vm.specification.version" value="18"/>
    <property name="sun.java.launcher" value="SUN_STANDARD"/>
    <property name="user.country" value="US"/>
    <property name="sun.boot.library.path" value="/usr/local/Cellar/openjdk/18.0.2.1/libexec/openjdk.jdk/Contents/Home/lib"/>
    <property name="sun.java.command" value="/Users/veenahalleppanavar/Documents/Omkar/CS_342/HomeworkTwo/target/surefire/surefirebooter15402976932461591880.jar /Users/veenahalleppanavar/Documents/Omkar/CS_342/HomeworkTwo/target/surefire 2022-09-22T16-12-00_034-jvmRun1 surefire11204968844869112967tmp surefire_05724263214397844637tmp"/>
    <property name="http.nonProxyHosts" value="local|*.local|169.254/16|*.169.254/16"/>
    <property name="jdk.debug" value="release"/>
    <property name="surefire.test.class.path" value="/Users/veenahalleppanavar/Documents/Omkar/CS_342/HomeworkTwo/target/test-classes:/Users/veenahalleppanavar/Documents/Omkar/CS_342/HomeworkTwo/target/classes:/Users/veenahalleppanavar/.m2/repository/org/junit/jupiter/junit-jupiter/5.6.2/junit-jupiter-5.6.2.jar:/Users/veenahalleppanavar/.m2/repository/org/junit/jupiter/junit-jupiter-api/5.6.2/junit-jupiter-api-5.6.2.jar:/Users/veenahalleppanavar/.m2/repository/org/apiguardian/apiguardian-api/1.1.0/apiguardian-api-1.1.0.jar:/Users/veenahalleppanavar/.m2/repository/org/opentest4j/opentest4j/1.2.0/opentest4j-1.2.0.jar:/Users/veenahalleppanavar/.m2/repository/org/junit/platform/junit-platform-commons/1.6.2/junit-platform-commons-1.6.2.jar:/Users/veenahalleppanavar/.m2/repository/org/junit/jupiter/junit-jupiter-params/5.6.2/junit-jupiter-params-5.6.2.jar:/Users/veenahalleppanavar/.m2/repository/org/junit/jupiter/junit-jupiter-engine/5.6.2/junit-jupiter-engine-5.6.2.jar:/Users/veenahalleppanavar/.m2/repository/org/junit/platform/junit-platform-engine/1.6.2/junit-platform-engine-1.6.2.jar:"/>
    <property name="sun.cpu.endian" value="little"/>
    <property name="user.home" value="/Users/veenahalleppanavar"/>
    <property name="user.language" value="en"/>
    <property name="java.specification.vendor" value="Oracle Corporation"/>
    <property name="java.version.date" value="2022-08-18"/>
    <property name="java.home" value="/usr/local/Cellar/openjdk/18.0.2.1/libexec/openjdk.jdk/Contents/Home"/>
    <property name="file.separator" value="/"/>
    <property name="basedir" value="/Users/veenahalleppanavar/Documents/Omkar/CS_342/HomeworkTwo"/>
    <property name="java.vm.compressedOopsMode" value="Zero based"/>
    <property name="line.separator" value="&#10;"/>
    <property name="java.vm.specification.vendor" value="Oracle Corporation"/>
    <property name="java.specification.name" value="Java Platform API Specification"/>
    <property name="apple.awt.application.name" value="ForkedBooter"/>
    <property name="surefire.real.class.path" value="/Users/veenahalleppanavar/Documents/Omkar/CS_342/HomeworkTwo/target/surefire/surefirebooter15402976932461591880.jar"/>
    <property name="sun.management.compiler" value="HotSpot 64-Bit Tiered Compilers"/>
    <property name="ftp.nonProxyHosts" value="local|*.local|169.254/16|*.169.254/16"/>
    <property name="java.runtime.version" value="18.0.2.1+0"/>
    <property name="user.name" value="veenahalleppanavar"/>
    <property name="path.separator" value=":"/>
    <property name="os.version" value="11.6.6"/>
    <property name="java.runtime.name" value="OpenJDK Runtime Environment"/>
    <property name="file.encoding" value="UTF-8"/>
    <property name="java.vm.name" value="OpenJDK 64-Bit Server VM"/>
    <property name="java.vendor.version" value="Homebrew"/>
    <property name="localRepository" value="/Users/veenahalleppanavar/.m2/repository"/>
    <property name="java.vendor.url.bug" value="https://github.com/Homebrew/homebrew-core/issues"/>
    <property name="java.io.tmpdir" value="/var/folders/z5/6gtd6w914bn7v1ts4rjscrv40000gn/T/"/>
    <property name="java.version" value="18.0.2.1"/>
    <property name="user.dir" value="/Users/veenahalleppanavar/Documents/Omkar/CS_342/HomeworkTwo"/>
    <property name="os.arch" value="x86_64"/>
    <property name="java.vm.specification.name" value="Java Virtual Machine Specification"/>
    <property name="native.encoding" value="UTF-8"/>
    <property name="java.library.path" value="/Users/veenahalleppanavar/Library/Java/Extensions:/Library/Java/Extensions:/Network/Library/Java/Extensions:/System/Library/Java/Extensions:/usr/lib/java:."/>
    <property name="java.vm.info" value="mixed mode, sharing"/>
    <property name="java.vendor" value="Homebrew"/>
    <property name="java.vm.version" value="18.0.2.1+0"/>
    <property name="sun.io.unicode.encoding" value="UnicodeBig"/>
    <property name="socksNonProxyHosts" value="local|*.local|169.254/16|*.169.254/16"/>
    <property name="java.class.version" value="62.0"/>
  </properties>
  <testcase name="getCashValuesTest{double}[1]" classname="MyMoneyTest" time="0.029"/>
  <testcase name="getCashValuesTest{double}[2]" classname="MyMoneyTest" time="0.001"/>
  <testcase name="getCashValuesTest{double}[3]" classname="MyMoneyTest" time="0"/>
  <testcase name="getCashValuesTest{double}[4]" classname="MyMoneyTest" time="0"/>
  <testcase name="getCashValuesTest{double}[5]" classname="MyMoneyTest" time="0"/>
  <testcase name="getCashValuesTest{double}[6]" classname="MyMoneyTest" time="0"/>
  <testcase name="getCashValuesTest{double}[7]" classname="MyMoneyTest" time="0"/>
  <testcase name="getCashValuesTest{double}[8]" classname="MyMoneyTest" time="0"/>
  <testcase name="lumpSum_VariableRateTest" classname="MyMoneyTest" time="0.002"/>
  <testcase name="getInterestValuesTest" classname="MyMoneyTest" time="0.001"/>
  <testcase name="compoundSavings_variableContributionTestTwo" classname="MyMoneyTest" time="0.001"/>
  <testcase name="compoundSavings_sameContributionTest" classname="MyMoneyTest" time="0"/>
  <testcase name="getCashValuesTestTwo{double}[1]" classname="MyMoneyTest" time="0"/>
  <testcase name="getCashValuesTestTwo{double}[2]" classname="MyMoneyTest" time="0"/>
  <testcase name="getCashValuesTestTwo{double}[3]" classname="MyMoneyTest" time="0.001"/>
  <testcase name="getCashValuesTestTwo{double}[4]" classname="MyMoneyTest" time="0"/>
  <testcase name="getCashValuesTestTwo{double}[5]" classname="MyMoneyTest" time="0.001"/>
  <testcase name="getCashValuesTestTwo{double}[6]" classname="MyMoneyTest" time="0.001"/>
  <testcase name="getCashValuesTestTwo{double}[7]" classname="MyMoneyTest" time="0"/>
  <testcase name="getCashValuesTestTwo{double}[8]" classname="MyMoneyTest" time="0"/>
  <testcase name="getInterestValuesTestTwo" classname="MyMoneyTest" time="0"/>
  <testcase name="lumpSum_ConstantRateTest2" classname="MyMoneyTest" time="0"/>
  <testcase name="lumpSum_VariableRateTestTwo" classname="MyMoneyTest" time="0"/>
  <testcase name="lumpSum_ConstantRateTest" classname="MyMoneyTest" time="0.001"/>
  <testcase name="compoundSavings_sameContributionTestTwo" classname="MyMoneyTest" time="0"/>
  <testcase name="constructorOneTestTwo" classname="MyMoneyTest" time="0.001"/>
  <testcase name="constructorOneTest{double}[1]" classname="MyMoneyTest" time="0"/>
  <testcase name="constructorOneTest{double}[2]" classname="MyMoneyTest" time="0"/>
  <testcase name="constructorOneTest{double}[3]" classname="MyMoneyTest" time="0"/>
  <testcase name="constructorOneTest{double}[4]" classname="MyMoneyTest" time="0.001"/>
  <testcase name="constructorOneTest{double}[5]" classname="MyMoneyTest" time="0.001"/>
  <testcase name="constructorOneTest{double}[6]" classname="MyMoneyTest" time="0.001"/>
  <testcase name="constructorOneTest{double}[7]" classname="MyMoneyTest" time="0"/>
  <testcase name="constructorOneTest{double}[8]" classname="MyMoneyTest" time="0"/>
  <testcase name="constructorTwoTestTwo" classname="MyMoneyTest" time="0.001"/>
  <testcase name="constructorTwoTest{double}[1]" classname="MyMoneyTest" time="0.001"/>
  <testcase name="constructorTwoTest{double}[2]" classname="MyMoneyTest" time="0"/>
  <testcase name="constructorTwoTest{double}[3]" classname="MyMoneyTest" time="0"/>
  <testcase name="constructorTwoTest{double}[4]" classname="MyMoneyTest" time="0"/>
  <testcase name="constructorTwoTest{double}[5]" classname="MyMoneyTest" time="0.001"/>
  <testcase name="constructorTwoTest{double}[6]" classname="MyMoneyTest" time="0.001"/>
  <testcase name="constructorTwoTest{double}[7]" classname="MyMoneyTest" time="0.001"/>
  <testcase name="constructorTwoTest{double}[8]" classname="MyMoneyTest" time="0.001"/>
  <testcase name="compoundSavings_variableContributionTest" classname="MyMoneyTest" time="0.001"/>
</testsuite>